<?xml version="1.0" encoding="UTF-8"?>
<!-- Generated by org.testng.reporters.JUnitReportReporter -->
<testsuite skipped="0" hostname="IQA_Yogesh-T" name="com.parameters.ParameterTest" tests="1" failures="0" timestamp="2020-05-12T08:37:57 IST" time="9.004" errors="0">
  <testcase name="yahooLoginTest" time="9.004" classname="com.parameters.ParameterTest"/>
  <system-out/>
</testsuite> <!-- com.parameters.ParameterTest -->
